<?xml version="1.0" encoding="UTF-8"?>
<!-- Generated by org.testng.reporters.JUnitReportReporter -->
<testsuite hostname="Marwa" failures="0" tests="2" name="tests.searchTest" time="55.229" errors="0" timestamp="2022-10-30T23:49:00 EET" skipped="0">
  <testcase classname="tests.searchTest" name="navigteToGoogle" time="12.375"/>
  <system-out/>
  <testcase classname="tests.searchTest" name="GoogleSearch" time="42.854"/>
  <system-out/>
</testsuite> <!-- tests.searchTest -->
