<?xml version="1.0" encoding="UTF-8"?>
<!-- Generated by org.testng.reporters.JUnitReportReporter -->
<testsuite hostname="Marwa" failures="0" tests="1" name="tests.TestBase" time="4.842" errors="0" timestamp="2022-10-30T01:06:07 EET" skipped="0">
  <testcase classname="tests.TestBase" name="navigteToGoogle" time="4.842"/>
  <system-out/>
</testsuite> <!-- tests.TestBase -->
